<?xml version="1.0" encoding="UTF-8"?>
<!-- Generated by org.testng.reporters.JUnitReportReporter -->
<testsuite hostname="IND03687" name="src.com.salesforce.SingleRun.MVRTest_SingleRun_ClmRteDevEnv" tests="4" failures="0" timestamp="21 Feb 2020 14:28:34 GMT" time="260.893" errors="0">
  <testcase name="login" time="45.102" classname="src.com.salesforce.SingleRun.MVRTest_SingleRun_ClmRteDevEnv"/>
  <testcase name="sendEmailTest" time="3.809" classname="src.com.salesforce.SingleRun.MVRTest_SingleRun_ClmRteDevEnv"/>
  <testcase name="keyMessageMetadataReport" time="201.360" classname="src.com.salesforce.SingleRun.MVRTest_SingleRun_ClmRteDevEnv"/>
  <testcase name="clmPresentationMetadataReport" time="10.622" classname="src.com.salesforce.SingleRun.MVRTest_SingleRun_ClmRteDevEnv"/>
</testsuite> <!-- src.com.salesforce.SingleRun.MVRTest_SingleRun_ClmRteDevEnv -->
